TN:
SF:src\config\config.js
FNF:0
FNH:0
DA:1,6
DA:3,6
LF:2
LH:2
BRDA:4,0,0,6
BRDA:4,0,1,0
BRDA:7,1,0,6
BRDA:7,1,1,0
BRDA:10,2,0,6
BRDA:10,2,1,6
BRDA:11,3,0,6
BRDA:11,3,1,6
BRDA:12,4,0,6
BRDA:12,4,1,6
BRDA:13,5,0,6
BRDA:13,5,1,6
BRDA:14,6,0,6
BRDA:14,6,1,6
BRDA:17,7,0,6
BRDA:17,7,1,0
BRDA:18,8,0,6
BRDA:18,8,1,0
BRDA:19,9,0,6
BRDA:19,9,1,6
BRDA:22,10,0,6
BRDA:22,10,1,0
BRDA:23,11,0,6
BRDA:23,11,1,0
BRDA:24,12,0,6
BRDA:24,12,1,0
BRF:26
BRH:19
end_of_record
TN:
SF:src\graphql\resolvers.js
FN:13,(anonymous_0)
FN:41,(anonymous_1)
FN:51,(anonymous_2)
FN:65,(anonymous_3)
FN:98,(anonymous_4)
FN:133,(anonymous_5)
FN:152,(anonymous_6)
FN:174,(anonymous_7)
FN:194,(anonymous_8)
FN:203,(anonymous_9)
FN:213,(anonymous_10)
FN:214,(anonymous_11)
FN:227,(anonymous_12)
FN:275,(anonymous_13)
FN:293,(anonymous_14)
FNF:15
FNH:9
FNDA:1,(anonymous_0)
FNDA:1,(anonymous_1)
FNDA:2,(anonymous_2)
FNDA:0,(anonymous_3)
FNDA:0,(anonymous_4)
FNDA:0,(anonymous_5)
FNDA:0,(anonymous_6)
FNDA:0,(anonymous_7)
FNDA:2,(anonymous_8)
FNDA:2,(anonymous_9)
FNDA:2,(anonymous_10)
FNDA:0,(anonymous_11)
FNDA:1,(anonymous_12)
FNDA:2,(anonymous_13)
FNDA:2,(anonymous_14)
DA:1,3
DA:2,3
DA:3,3
DA:4,3
DA:10,3
DA:14,1
DA:20,1
DA:23,1
DA:26,1
DA:28,1
DA:42,1
DA:49,1
DA:51,2
DA:67,0
DA:68,0
DA:71,0
DA:73,0
DA:74,0
DA:78,0
DA:95,0
DA:98,0
DA:99,0
DA:100,0
DA:102,0
DA:123,0
DA:135,0
DA:136,0
DA:140,0
DA:145,0
DA:147,0
DA:148,0
DA:152,0
DA:154,0
DA:160,0
DA:163,0
DA:164,0
DA:166,0
DA:167,0
DA:168,0
DA:169,0
DA:174,0
DA:175,0
DA:178,0
DA:180,0
DA:196,2
DA:197,0
DA:200,2
DA:203,2
DA:205,2
DA:206,1
DA:211,1
DA:213,1
DA:214,2
DA:215,2
DA:223,2
DA:229,1
DA:230,0
DA:233,1
DA:239,1
DA:242,1
DA:245,1
DA:248,1
DA:249,0
DA:255,0
DA:256,0
DA:257,0
DA:260,0
DA:262,0
DA:277,2
DA:278,1
DA:282,1
DA:289,1
DA:295,2
DA:296,0
DA:300,2
DA:310,2
DA:312,2
DA:323,3
LF:78
LH:38
BRDA:20,0,0,0
BRDA:20,0,1,1
BRDA:20,1,0,1
BRDA:20,1,1,1
BRDA:26,2,0,0
BRDA:26,2,1,1
BRDA:49,3,0,0
BRDA:49,3,1,1
BRDA:67,4,0,0
BRDA:67,4,1,0
BRDA:73,5,0,0
BRDA:73,5,1,0
BRDA:73,6,0,0
BRDA:73,6,1,0
BRDA:95,7,0,0
BRDA:95,7,1,0
BRDA:135,8,0,0
BRDA:135,8,1,0
BRDA:145,9,0,0
BRDA:145,9,1,0
BRDA:147,10,0,0
BRDA:147,10,1,0
BRDA:160,11,0,0
BRDA:160,11,1,0
BRDA:167,12,0,0
BRDA:167,12,1,0
BRDA:178,13,0,0
BRDA:178,13,1,0
BRDA:196,14,0,0
BRDA:196,14,1,2
BRDA:205,15,0,1
BRDA:205,15,1,1
BRDA:211,16,0,1
BRDA:211,16,1,0
BRDA:211,17,0,1
BRDA:211,17,1,1
BRDA:217,18,0,0
BRDA:217,18,1,2
BRDA:229,19,0,0
BRDA:229,19,1,1
BRDA:239,20,0,0
BRDA:239,20,1,1
BRDA:245,21,0,0
BRDA:245,21,1,1
BRDA:248,22,0,1
BRDA:248,22,1,0
BRDA:260,23,0,0
BRDA:260,23,1,0
BRDA:277,24,0,1
BRDA:277,24,1,1
BRDA:295,25,0,0
BRDA:295,25,1,2
BRDA:310,26,0,0
BRDA:310,26,1,2
BRF:54
BRH:20
end_of_record
TN:
SF:src\graphql\schema.js
FNF:0
FNH:0
DA:1,3
DA:7,3
DA:149,3
LF:3
LH:3
BRF:0
BRH:0
end_of_record
TN:
SF:src\middleware\cache.js
FN:8,(anonymous_0)
FN:9,(anonymous_1)
FN:28,(anonymous_2)
FNF:3
FNH:3
FNDA:3,(anonymous_0)
FNDA:1,(anonymous_1)
FNDA:1,(anonymous_2)
DA:1,1
DA:8,1
DA:9,3
DA:11,1
DA:12,0
DA:15,1
DA:17,1
DA:18,1
DA:19,1
DA:20,0
DA:21,0
DA:25,1
DA:28,1
DA:30,1
DA:31,1
DA:34,1
DA:37,1
DA:39,0
DA:40,0
DA:45,1
LF:20
LH:15
BRDA:11,0,0,0
BRDA:11,0,1,1
BRDA:19,1,0,0
BRDA:19,1,1,1
BRF:4
BRH:2
end_of_record
TN:
SF:src\routes\api.js
FN:21,(anonymous_0)
FN:57,(anonymous_1)
FN:86,(anonymous_2)
FN:110,(anonymous_3)
FN:134,(anonymous_4)
FN:151,(anonymous_5)
FNF:6
FNH:5
FNDA:1,(anonymous_0)
FNDA:1,(anonymous_1)
FNDA:0,(anonymous_2)
FNDA:2,(anonymous_3)
FNDA:2,(anonymous_4)
FNDA:2,(anonymous_5)
DA:1,2
DA:2,2
DA:3,2
DA:4,2
DA:5,2
DA:6,2
DA:7,2
DA:8,2
DA:9,2
DA:10,2
DA:18,2
DA:21,2
DA:22,1
DA:23,1
DA:25,1
DA:31,1
DA:32,0
DA:33,0
DA:35,0
DA:39,1
DA:42,1
DA:44,1
DA:46,1
DA:51,0
DA:52,0
DA:57,2
DA:58,1
DA:59,1
DA:61,1
DA:62,0
DA:65,1
DA:72,1
DA:74,1
DA:80,0
DA:81,0
DA:86,2
DA:87,0
DA:88,0
DA:89,0
DA:92,0
DA:99,0
DA:104,0
DA:105,0
DA:110,2
DA:111,2
DA:112,2
DA:114,2
DA:115,0
DA:121,2
DA:123,2
DA:128,0
DA:129,0
DA:134,2
DA:135,2
DA:136,2
DA:138,2
DA:140,2
DA:145,0
DA:146,0
DA:151,2
DA:152,2
DA:155,2
DA:156,1
DA:162,1
DA:168,1
DA:171,2
LF:66
LH:46
BRDA:31,0,0,0
BRDA:31,0,1,1
BRDA:32,1,0,0
BRDA:32,1,1,0
BRDA:42,2,0,0
BRDA:42,2,1,1
BRDA:61,3,0,0
BRDA:61,3,1,1
BRDA:61,4,0,1
BRDA:61,4,1,1
BRDA:61,4,2,1
BRDA:72,5,0,0
BRDA:72,5,1,1
BRDA:114,6,0,0
BRDA:114,6,1,2
BRDA:114,7,0,2
BRDA:114,7,1,2
BRDA:114,7,2,2
BRDA:155,8,0,1
BRDA:155,8,1,1
BRDA:155,9,0,2
BRDA:155,9,1,1
BRF:22
BRH:15
end_of_record
TN:
SF:src\routes\tracking.js
FN:12,(anonymous_0)
FN:76,(anonymous_1)
FN:149,(anonymous_2)
FN:175,(anonymous_3)
FNF:4
FNH:2
FNDA:1,(anonymous_0)
FNDA:1,(anonymous_1)
FNDA:0,(anonymous_2)
FNDA:0,(anonymous_3)
DA:1,2
DA:2,2
DA:3,2
DA:4,2
DA:12,2
DA:13,1
DA:19,1
DA:21,1
DA:22,0
DA:29,1
DA:39,1
DA:40,0
DA:41,0
DA:45,1
DA:46,1
DA:55,1
DA:67,0
DA:68,0
DA:76,2
DA:77,1
DA:78,1
DA:81,1
DA:82,1
DA:84,1
DA:85,1
DA:93,0
DA:106,0
DA:107,0
DA:108,0
DA:113,0
DA:117,0
DA:120,0
DA:122,0
DA:132,0
DA:134,0
DA:140,0
DA:141,0
DA:149,2
DA:150,0
DA:151,0
DA:152,0
DA:155,0
DA:163,0
DA:164,0
DA:166,0
DA:167,0
DA:170,0
DA:172,0
DA:175,0
DA:176,0
DA:179,0
DA:181,0
DA:191,0
DA:197,0
DA:198,0
DA:205,2
LF:56
LH:22
BRDA:18,0,0,0
BRDA:21,1,0,0
BRDA:21,1,1,1
BRDA:21,2,0,1
BRDA:21,2,1,1
BRDA:21,2,2,1
BRDA:39,3,0,0
BRDA:39,3,1,1
BRDA:84,4,0,1
BRDA:84,4,1,0
BRDA:106,5,0,0
BRDA:106,5,1,0
BRDA:107,6,0,0
BRDA:107,6,1,0
BRDA:120,7,0,0
BRDA:120,7,1,0
BRDA:152,8,0,0
BRDA:163,9,0,0
BRDA:163,9,1,0
BRDA:166,10,0,0
BRDA:166,10,1,0
BRDA:172,11,0,0
BRDA:172,11,1,0
BRDA:179,12,0,0
BRDA:179,12,1,0
BRF:25
BRH:6
end_of_record
TN:
SF:src\services\costCalculator.js
FN:13,(anonymous_0)
FN:32,(anonymous_1)
FN:32,(anonymous_2)
FN:69,(anonymous_3)
FN:92,(anonymous_4)
FN:95,(anonymous_5)
FN:108,(anonymous_6)
FN:123,(anonymous_7)
FN:128,(anonymous_8)
FN:141,(anonymous_9)
FN:201,(anonymous_10)
FNF:11
FNH:9
FNDA:2,(anonymous_0)
FNDA:2,(anonymous_1)
FNDA:2,(anonymous_2)
FNDA:3,(anonymous_3)
FNDA:3,(anonymous_4)
FNDA:0,(anonymous_5)
FNDA:4,(anonymous_6)
FNDA:4,(anonymous_7)
FNDA:4,(anonymous_8)
FNDA:2,(anonymous_9)
FNDA:0,(anonymous_10)
DA:1,3
DA:7,3
DA:14,2
DA:16,2
DA:17,2
DA:18,0
DA:21,2
DA:26,2
DA:29,2
DA:30,2
DA:31,1
DA:32,2
DA:35,1
DA:37,1
DA:38,1
DA:39,0
DA:51,2
DA:54,2
DA:56,2
DA:58,0
DA:59,0
DA:72,3
DA:76,3
DA:78,3
DA:79,3
DA:81,3
DA:94,3
DA:95,0
DA:99,3
DA:108,3
DA:109,4
DA:110,4
DA:113,4
DA:114,4
DA:122,3
DA:123,4
DA:128,4
DA:142,2
DA:144,2
DA:153,2
DA:155,2
DA:156,2
DA:166,0
DA:169,0
DA:177,0
DA:179,0
DA:189,0
DA:190,0
DA:202,0
DA:208,0
DA:211,0
DA:212,0
DA:214,0
DA:215,0
DA:218,0
DA:222,3
LF:56
LH:38
BRDA:16,0,0,2
BRDA:16,0,1,0
BRDA:17,1,0,0
BRDA:17,1,1,2
BRDA:26,2,0,0
BRDA:26,2,1,2
BRDA:30,3,0,1
BRDA:30,3,1,1
BRDA:30,4,0,2
BRDA:30,4,1,1
BRDA:35,5,0,1
BRDA:35,5,1,0
BRDA:38,6,0,0
BRDA:38,6,1,1
BRDA:72,7,0,2
BRDA:72,7,1,1
BRDA:76,8,0,3
BRDA:76,8,1,0
BRDA:94,9,0,3
BRDA:94,9,1,0
BRDA:95,10,0,0
BRDA:95,10,1,0
BRDA:110,11,0,4
BRDA:110,11,1,0
BRDA:153,12,0,0
BRDA:153,12,1,2
BRDA:155,13,0,2
BRDA:155,13,1,0
BRDA:177,14,0,0
BRDA:177,14,1,0
BRDA:181,15,0,0
BRDA:181,15,1,0
BRDA:208,16,0,0
BRDA:208,16,1,0
BRF:34
BRH:16
end_of_record
TN:
SF:src\services\crs.js
FN:16,(anonymous_0)
FN:117,(anonymous_1)
FN:132,(anonymous_2)
FN:152,(anonymous_3)
FN:171,(anonymous_4)
FN:196,(anonymous_5)
FN:198,(anonymous_6)
FN:199,(anonymous_7)
FN:202,(anonymous_8)
FN:207,(anonymous_9)
FNF:10
FNH:10
FNDA:3,(anonymous_0)
FNDA:1,(anonymous_1)
FNDA:2,(anonymous_2)
FNDA:2,(anonymous_3)
FNDA:2,(anonymous_4)
FNDA:2,(anonymous_5)
FNDA:4,(anonymous_6)
FNDA:2,(anonymous_7)
FNDA:4,(anonymous_8)
FNDA:4,(anonymous_9)
DA:1,3
DA:2,3
DA:3,3
DA:4,3
DA:17,3
DA:25,3
DA:28,3
DA:29,3
DA:31,3
DA:32,1
DA:33,1
DA:38,2
DA:60,2
DA:63,2
DA:71,2
DA:83,2
DA:86,2
DA:93,2
DA:100,2
DA:106,0
DA:107,0
DA:119,1
DA:129,1
DA:132,2
DA:139,1
DA:143,1
DA:145,1
DA:154,2
DA:165,2
DA:171,2
DA:173,2
DA:174,0
DA:178,2
DA:179,0
DA:183,2
DA:185,2
DA:188,2
DA:197,2
DA:198,4
DA:199,2
DA:201,2
DA:202,4
DA:204,2
DA:207,4
DA:215,3
DA:216,3
LF:46
LH:42
BRDA:31,0,0,1
BRDA:31,0,1,2
BRDA:60,1,0,0
BRDA:60,1,1,2
BRDA:129,2,0,0
BRDA:129,2,1,1
BRDA:143,3,0,0
BRDA:143,3,1,1
BRDA:165,4,0,2
BRDA:165,4,1,0
BRDA:173,5,0,0
BRDA:173,5,1,2
BRDA:178,6,0,0
BRDA:178,6,1,2
BRF:14
BRH:8
end_of_record
TN:
SF:src\services\kafka.js
FN:16,(anonymous_0)
FN:17,(anonymous_1)
FN:24,sendMessage
FN:45,startGISDataConsumer
FN:52,(anonymous_4)
FN:71,(anonymous_5)
FNF:6
FNH:3
FNDA:3,(anonymous_0)
FNDA:0,(anonymous_1)
FNDA:1,sendMessage
FNDA:3,startGISDataConsumer
FNDA:0,(anonymous_4)
FNDA:0,(anonymous_5)
DA:1,3
DA:2,3
DA:8,3
DA:14,3
DA:15,3
DA:16,3
DA:17,0
DA:25,1
DA:26,1
DA:30,1
DA:31,1
DA:33,0
DA:34,0
DA:39,3
DA:46,3
DA:47,3
DA:49,3
DA:51,3
DA:53,0
DA:54,0
DA:55,0
DA:58,0
DA:59,0
DA:64,0
DA:71,3
DA:72,0
DA:75,3
LF:27
LH:17
BRDA:58,0,0,0
BRDA:58,0,1,0
BRF:2
BRH:0
end_of_record
TN:
SF:src\services\routeAnalytics.js
FN:11,getRouteEfficiencyMetrics
FN:29,calculateOptimalRoute
FN:44,getFuelEfficiency
FNF:3
FNH:0
FNDA:0,getRouteEfficiencyMetrics
FNDA:0,calculateOptimalRoute
FNDA:0,getFuelEfficiency
DA:14,0
DA:31,0
DA:46,0
DA:52,1
LF:4
LH:1
BRDA:44,0,0,0
BRF:1
BRH:0
end_of_record
TN:
SF:src\services\supabase.js
FN:21,(anonymous_0)
FN:29,(anonymous_1)
FN:40,(anonymous_2)
FN:61,(anonymous_3)
FNF:4
FNH:4
FNDA:4,(anonymous_0)
FNDA:1,(anonymous_1)
FNDA:1,(anonymous_2)
FNDA:1,(anonymous_3)
DA:1,7
DA:2,7
DA:8,7
DA:14,7
DA:21,4
DA:30,1
DA:41,1
DA:48,1
DA:49,1
DA:62,1
DA:72,1
DA:73,1
DA:77,7
LF:13
LH:13
BRDA:48,0,0,0
BRDA:48,0,1,1
BRDA:72,1,0,0
BRDA:72,1,1,1
BRF:4
BRH:2
end_of_record
